<?xml version="1.0" encoding="UTF-8"?>
<!-- Generated by org.testng.reporters.JUnitReportReporter -->
<testsuite hostname="TRPL-PUN-0093" failures="0" tests="8" name="ManagementPOM.MgmtCriticalTestCases" time="1482.057" errors="0" timestamp="2024-05-09T00:12:21 IST" skipped="0">
  <testcase classname="ManagementPOM.MgmtCriticalTestCases" name="Login" time="12.885"/>
  <system-out/>
  <testcase classname="ManagementPOM.MgmtCriticalTestCases" name="presignaturedashboardcountverification" time="67.075"/>
  <system-out/>
  <testcase classname="ManagementPOM.MgmtCriticalTestCases" name="contractdashboardpresignaturegraph" time="711.581"/>
  <system-out/>
  <testcase classname="ManagementPOM.MgmtCriticalTestCases" name="dashboardpostsignaturecountverification" time="56.853"/>
  <system-out/>
  <testcase classname="ManagementPOM.MgmtCriticalTestCases" name="contractdashboardpostsignaturegraph" time="494.102"/>
  <system-out/>
  <testcase classname="ManagementPOM.MgmtCriticalTestCases" name="contractdashboardexpiringcontracts" time="14.442"/>
  <system-out/>
  <testcase classname="ManagementPOM.MgmtCriticalTestCases" name="contractdashboardtask" time="109.110"/>
  <system-out/>
  <testcase classname="ManagementPOM.MgmtCriticalTestCases" name="contractdashboardmilestone" time="16.009"/>
  <system-out/>
</testsuite> <!-- ManagementPOM.MgmtCriticalTestCases -->
