<?xml version="1.0" encoding="UTF-8"?>
<!-- Generated by org.testng.reporters.JUnitReportReporter -->
<testsuite hostname="DESKTOP-I6E5EBD" failures="0" tests="1" name="loginPOM.documenttypemaster" time="36.662" errors="0" timestamp="15 Dec 2022 13:00:36 GMT" skipped="0">
  <testcase classname="loginPOM.documenttypemaster" name="f" time="36.662"/>
</testsuite> <!-- loginPOM.documenttypemaster -->
