<?xml version="1.0" encoding="UTF-8"?>
<!-- Generated by org.testng.reporters.JUnitReportReporter -->
<testsuite hostname="TRPL-PUN-0093" failures="0" tests="8" name="CompanyAdminPOM.AdminTestCase" time="523.743" errors="0" timestamp="2024-07-05T02:13:46 IST" skipped="0">
  <testcase classname="CompanyAdminPOM.AdminTestCase" name="Login" time="12.988"/>
  <system-out/>
  <testcase classname="CompanyAdminPOM.AdminTestCase" name="contractadd" time="83.141"/>
  <system-out/>
  <testcase classname="CompanyAdminPOM.AdminTestCase" name="contractdetailstab" time="93.708"/>
  <system-out/>
  <testcase classname="CompanyAdminPOM.AdminTestCase" name="contractdocumenttab" time="63.394"/>
  <system-out/>
  <testcase classname="CompanyAdminPOM.AdminTestCase" name="contractagreementpage" time="92.799"/>
  <system-out/>
  <testcase classname="CompanyAdminPOM.AdminTestCase" name="contractmilestone" time="78.892"/>
  <system-out/>
  <testcase classname="CompanyAdminPOM.AdminTestCase" name="contracttask" time="77.737"/>
  <system-out/>
  <testcase classname="CompanyAdminPOM.AdminTestCase" name="contractauditlog" time="21.084"/>
  <system-out/>
</testsuite> <!-- CompanyAdminPOM.AdminTestCase -->
